Task Polling: 0ddd5bef-a27c-42c4-90f4-479b4c7d6d5e - Live Update Check Status > completed
Task Polling: 1154ba73-4be8-45ba-8c41-a79a2f8e96cf - Live Update Bulk Installation > running
Task Polling: 1154ba73-4be8-45ba-8c41-a79a2f8e96cf - Live Update Bulk Installation > running
Task Polling: 1154ba73-4be8-45ba-8c41-a79a2f8e96cf - Live Update Bulk Installation > running
Task Polling: 1154ba73-4be8-45ba-8c41-a79a2f8e96cf - Live Update Bulk Installation > running
Task Polling: 1154ba73-4be8-45ba-8c41-a79a2f8e96cf - Live Update Bulk Installation > running
Task Polling: 1154ba73-4be8-45ba-8c41-a79a2f8e96cf - Live Update Bulk Installation > running
Task Polling: 1154ba73-4be8-45ba-8c41-a79a2f8e96cf - Live Update Bulk Installation > running
Task Polling: 1154ba73-4be8-45ba-8c41-a79a2f8e96cf - Live Update Bulk Installation > running
Task Polling: 1154ba73-4be8-45ba-8c41-a79a2f8e96cf - Live Update Bulk Installation > running
Installing file: 1154ba73-4be8-45ba-8c41-a79a2f8e96cf - ASM-AttackSignatures_20241212_123625.im
Task Polling: 1154ba73-4be8-45ba-8c41-a79a2f8e96cf - Live Update Bulk Installation > running
Installing file: 1154ba73-4be8-45ba-8c41-a79a2f8e96cf - ASM-AttackSignatures_20241212_123625.im
Task Polling: 1154ba73-4be8-45ba-8c41-a79a2f8e96cf - Live Update Bulk Installation > running
Installing file: 1154ba73-4be8-45ba-8c41-a79a2f8e96cf - ASM-AttackSignatures_20241212_123625.im
Task Polling: 1154ba73-4be8-45ba-8c41-a79a2f8e96cf - Live Update Bulk Installation > running
Installing file: 1154ba73-4be8-45ba-8c41-a79a2f8e96cf - ASM-AttackSignatures_20241212_123625.im
Task Polling: 1154ba73-4be8-45ba-8c41-a79a2f8e96cf - Live Update Bulk Installation > running
Installing file: 1154ba73-4be8-45ba-8c41-a79a2f8e96cf - ASM-AttackSignatures_20241212_123625.im
Task Polling: 1154ba73-4be8-45ba-8c41-a79a2f8e96cf - Live Update Bulk Installation > running
Installing file: 1154ba73-4be8-45ba-8c41-a79a2f8e96cf - ASM-AttackSignatures_20241212_123625.im
Task Polling: 1154ba73-4be8-45ba-8c41-a79a2f8e96cf - Live Update Bulk Installation > running
Installing file: 1154ba73-4be8-45ba-8c41-a79a2f8e96cf - ASM-AttackSignatures_20241212_123625.im
Task Polling: 1154ba73-4be8-45ba-8c41-a79a2f8e96cf - Live Update Bulk Installation > running
Installing file: 1154ba73-4be8-45ba-8c41-a79a2f8e96cf - ASM-AttackSignatures_20241212_123625.im
Task Polling: 1154ba73-4be8-45ba-8c41-a79a2f8e96cf - Live Update Bulk Installation > running
Installing file: 1154ba73-4be8-45ba-8c41-a79a2f8e96cf - BotSignatures_20241211_112812.im
Task Polling: 1154ba73-4be8-45ba-8c41-a79a2f8e96cf - Live Update Bulk Installation > running
Installing file: 1154ba73-4be8-45ba-8c41-a79a2f8e96cf - BotSignatures_20241211_112812.im
Task Polling: 1154ba73-4be8-45ba-8c41-a79a2f8e96cf - Live Update Bulk Installation > running
Installing file: 1154ba73-4be8-45ba-8c41-a79a2f8e96cf - BotSignatures_20241211_112812.im
Task Polling: 1154ba73-4be8-45ba-8c41-a79a2f8e96cf - Live Update Bulk Installation > running
Installing file: 1154ba73-4be8-45ba-8c41-a79a2f8e96cf - BotSignatures_20241211_112812.im
Task Polling: 1154ba73-4be8-45ba-8c41-a79a2f8e96cf - Live Update Bulk Installation > running
Installing file: 1154ba73-4be8-45ba-8c41-a79a2f8e96cf - BotSignatures_20241211_112812.im
Task Polling: 1154ba73-4be8-45ba-8c41-a79a2f8e96cf - Live Update Bulk Installation > running
Installing file: 1154ba73-4be8-45ba-8c41-a79a2f8e96cf - BotSignatures_20241211_112812.im
Task Polling: 1154ba73-4be8-45ba-8c41-a79a2f8e96cf - Live Update Bulk Installation > running
Installing file: 1154ba73-4be8-45ba-8c41-a79a2f8e96cf - BotSignatures_20241211_112812.im
Task Polling: 1154ba73-4be8-45ba-8c41-a79a2f8e96cf - Live Update Bulk Installation > completed
Task Polling: 5636c89c-5ddb-4c2d-8055-a08fa43eec05 - Live Update Installation > completed
Task Polling: 3d3a24c7-6881-4310-a5e5-edc033281657 - Live Update Installation > completed
Task Polling: 632a495e-61c9-45f1-9c38-ce8bed82f0e4 - Live Update Installation > completed
[2024-12-13T17-38-08] Task Polling: c7092f5e-7003-4832-a563-3c3b3a232c54 - Live Update Check Status > completed
[2024-12-13T17-38-14] Task Polling: 867292b7-5f09-4e37-9427-9e442baf8f7b - Live Update Bulk Installation > running
[2024-12-13T17-38-35] Task Polling: 867292b7-5f09-4e37-9427-9e442baf8f7b - Live Update Bulk Installation > running
[2024-12-13T17-38-55] Task Polling: 867292b7-5f09-4e37-9427-9e442baf8f7b - Live Update Bulk Installation > running
[2024-12-13T17-39-15] Task Polling: 867292b7-5f09-4e37-9427-9e442baf8f7b - Live Update Bulk Installation > running
[2024-12-13T17-39-35] Task Polling: 867292b7-5f09-4e37-9427-9e442baf8f7b - Live Update Bulk Installation > running
[2024-12-13T17-39-55] Task Polling: 867292b7-5f09-4e37-9427-9e442baf8f7b - Live Update Bulk Installation > running
[2024-12-13T17-40-15] Task Polling: 867292b7-5f09-4e37-9427-9e442baf8f7b - Live Update Bulk Installation > running
[2024-12-13T17-40-36] Task Polling: 867292b7-5f09-4e37-9427-9e442baf8f7b - Live Update Bulk Installation > running
[2024-12-13T17-40-56] Task Polling: 867292b7-5f09-4e37-9427-9e442baf8f7b - Live Update Bulk Installation > running
[2024-12-13T17-40-56] Installing file: 867292b7-5f09-4e37-9427-9e442baf8f7b - ASM-AttackSignatures_20241212_123625.im
[2024-12-13T17-41-16] Task Polling: 867292b7-5f09-4e37-9427-9e442baf8f7b - Live Update Bulk Installation > running
[2024-12-13T17-41-16] Installing file: 867292b7-5f09-4e37-9427-9e442baf8f7b - ASM-AttackSignatures_20241212_123625.im
[2024-12-13T17-41-36] Task Polling: 867292b7-5f09-4e37-9427-9e442baf8f7b - Live Update Bulk Installation > running
[2024-12-13T17-41-36] Installing file: 867292b7-5f09-4e37-9427-9e442baf8f7b - ASM-AttackSignatures_20241212_123625.im
[2024-12-13T17-41-56] Task Polling: 867292b7-5f09-4e37-9427-9e442baf8f7b - Live Update Bulk Installation > running
[2024-12-13T17-41-56] Installing file: 867292b7-5f09-4e37-9427-9e442baf8f7b - ASM-AttackSignatures_20241212_123625.im
[2024-12-13T17-42-16] Task Polling: 867292b7-5f09-4e37-9427-9e442baf8f7b - Live Update Bulk Installation > running
[2024-12-13T17-42-16] Installing file: 867292b7-5f09-4e37-9427-9e442baf8f7b - ASM-AttackSignatures_20241212_123625.im
[2024-12-13T17-42-36] Task Polling: 867292b7-5f09-4e37-9427-9e442baf8f7b - Live Update Bulk Installation > running
[2024-12-13T17-42-36] Installing file: 867292b7-5f09-4e37-9427-9e442baf8f7b - ASM-AttackSignatures_20241212_123625.im
[2024-12-13T17-42-57] Task Polling: 867292b7-5f09-4e37-9427-9e442baf8f7b - Live Update Bulk Installation > running
[2024-12-13T17-42-57] Installing file: 867292b7-5f09-4e37-9427-9e442baf8f7b - ASM-AttackSignatures_20241212_123625.im
[2024-12-13T17-43-17] Task Polling: 867292b7-5f09-4e37-9427-9e442baf8f7b - Live Update Bulk Installation > running
[2024-12-13T17-43-17] Installing file: 867292b7-5f09-4e37-9427-9e442baf8f7b - ASM-AttackSignatures_20241212_123625.im
[2024-12-13T17-43-37] Task Polling: 867292b7-5f09-4e37-9427-9e442baf8f7b - Live Update Bulk Installation > running
[2024-12-13T17-43-37] Installing file: 867292b7-5f09-4e37-9427-9e442baf8f7b - BotSignatures_20241211_112812.im
[2024-12-13T17-43-57] Task Polling: 867292b7-5f09-4e37-9427-9e442baf8f7b - Live Update Bulk Installation > running
[2024-12-13T17-43-57] Installing file: 867292b7-5f09-4e37-9427-9e442baf8f7b - BotSignatures_20241211_112812.im
[2024-12-13T17-44-18] Task Polling: 867292b7-5f09-4e37-9427-9e442baf8f7b - Live Update Bulk Installation > running
[2024-12-13T17-44-18] Installing file: 867292b7-5f09-4e37-9427-9e442baf8f7b - BotSignatures_20241211_112812.im
[2024-12-13T17-44-38] Task Polling: 867292b7-5f09-4e37-9427-9e442baf8f7b - Live Update Bulk Installation > running
[2024-12-13T17-44-38] Installing file: 867292b7-5f09-4e37-9427-9e442baf8f7b - BotSignatures_20241211_112812.im
[2024-12-13T17-44-58] Task Polling: 867292b7-5f09-4e37-9427-9e442baf8f7b - Live Update Bulk Installation > running
[2024-12-13T17-44-58] Installing file: 867292b7-5f09-4e37-9427-9e442baf8f7b - BotSignatures_20241211_112812.im
[2024-12-13T17-45-18] Task Polling: 867292b7-5f09-4e37-9427-9e442baf8f7b - Live Update Bulk Installation > running
[2024-12-13T17-45-18] Installing file: 867292b7-5f09-4e37-9427-9e442baf8f7b - BotSignatures_20241211_112812.im
[2024-12-13T17-45-38] Task Polling: 867292b7-5f09-4e37-9427-9e442baf8f7b - Live Update Bulk Installation > running
[2024-12-13T17-45-38] Installing file: 867292b7-5f09-4e37-9427-9e442baf8f7b - BotSignatures_20241211_112812.im
[2024-12-13T17-45-58] Task Polling: 867292b7-5f09-4e37-9427-9e442baf8f7b - Live Update Bulk Installation > running
[2024-12-13T17-45-58] Installing file: 867292b7-5f09-4e37-9427-9e442baf8f7b - BotSignatures_20241211_112812.im
[2024-12-13T17-46-18] Task Polling: 867292b7-5f09-4e37-9427-9e442baf8f7b - Live Update Bulk Installation > completed
[2024-12-13T17-46-19] Task Polling: f0574403-5fa7-41c2-94bd-de32a155b6ed - Live Update Installation > completed
[2024-12-13T17-46-20] Task Polling: 3f577a5f-4300-46a8-b321-40866f2031b0 - Live Update Installation > completed
[2024-12-13T17-46-21] Task Polling: 3b51ab12-317f-41e7-b97c-923aef393365 - Live Update Installation > completed
[2024-12-13T17-49-14] Task Polling: 38672504-be61-4b1f-85c6-512ad572f5cd - Live Update Check Status > completed
[2024-12-13T17-50-08] Task Polling: ce6162cd-52ae-44a3-8111-9b3e4de9f579 - Live Update Check Status > completed
[2024-12-13T17-51-10] Task Polling: a56d2ecd-6651-41d1-91f9-f81472bafcfd - Live Update Check Status > running
[2024-12-13T17-51-31] Task Polling: a56d2ecd-6651-41d1-91f9-f81472bafcfd - Live Update Check Status > completed
[2024-12-13T17-51-38] Task Polling: 22fd5946-18fe-4a73-b706-a4481e87f141 - Live Update Bulk Installation > completed
